{"synthetic": false,
 "schemaVersion": "2025-09-10",
 "outputs":
 {"o": ["d9551901bfd2aa22.olean"],
  "i": "459a60606b80b9e3.ilean",
  "c": "c1ceb1fe2406b3de.c"},
 "log":
 [{"message":
   ".> LEAN_PATH=/home/anonymous/sybil/lean/.lake/packages/Cli/.lake/build/lib/lean:/home/anonymous/sybil/lean/.lake/packages/batteries/.lake/build/lib/lean:/home/anonymous/sybil/lean/.lake/packages/Qq/.lake/build/lib/lean:/home/anonymous/sybil/lean/.lake/packages/aesop/.lake/build/lib/lean:/home/anonymous/sybil/lean/.lake/packages/proofwidgets/.lake/build/lib/lean:/home/anonymous/sybil/lean/.lake/packages/importGraph/.lake/build/lib/lean:/home/anonymous/sybil/lean/.lake/packages/LeanSearchClient/.lake/build/lib/lean:/home/anonymous/sybil/lean/.lake/packages/plausible/.lake/build/lib/lean:/home/anonymous/sybil/lean/.lake/packages/mathlib/.lake/build/lib/lean:/home/anonymous/sybil/lean/.lake/build/lib/lean /home/anonymous/.elan/toolchains/leanprover--lean4---v4.28.0/bin/lean /home/anonymous/sybil/lean/FisherClearing/Duality/LmsrEntropy.lean -o /home/anonymous/sybil/lean/.lake/build/lib/lean/FisherClearing/Duality/LmsrEntropy.olean -i /home/anonymous/sybil/lean/.lake/build/lib/lean/FisherClearing/Duality/LmsrEntropy.ilean -c /home/anonymous/sybil/lean/.lake/build/ir/FisherClearing/Duality/LmsrEntropy.c --setup /home/anonymous/sybil/lean/.lake/build/ir/FisherClearing/Duality/LmsrEntropy.setup.json --json",
   "level": "trace"},
  {"message":
   "FisherClearing/Duality/LmsrEntropy.lean:58:0: automatically included section variable(s) unused in theorem `FisherClearing.shannonEntropy_eq_sum_negMulLog`:\n  [Nonempty ι]\nconsider restructuring your `variable` declarations so that the variables are not in scope or explicitly omit them:\n  omit [Nonempty ι] in theorem ...\n\nNote: This linter can be disabled with `set_option linter.unusedSectionVars false`",
   "level": "warning"},
  {"message":
   "FisherClearing/Duality/LmsrEntropy.lean:60:71: This simp argument is unused:\n  mul_comm\n\nHint: Omit it from the simp argument list.\n  simp [shannonEntropy, negEntropy, negMulLog, Finset.sum_neg_distrib,̵ ̵m̵u̵l̵_̵c̵o̵m̵m̵]\n\nNote: This linter can be disabled with `set_option linter.unusedSimpArgs false`",
   "level": "warning"},
  {"message":
   "FisherClearing/Duality/LmsrEntropy.lean:64:0: automatically included section variable(s) unused in theorem `FisherClearing.negEntropy_nonpos_on_simplex`:\n  [Nonempty ι]\nconsider restructuring your `variable` declarations so that the variables are not in scope or explicitly omit them:\n  omit [Nonempty ι] in theorem ...\n\nNote: This linter can be disabled with `set_option linter.unusedSectionVars false`",
   "level": "warning"},
  {"message":
   "FisherClearing/Duality/LmsrEntropy.lean:82:0: automatically included section variable(s) unused in theorem `FisherClearing.negEntropy_eq_zero_iff_vertex`:\n  [Nonempty ι]\nconsider restructuring your `variable` declarations so that the variables are not in scope or explicitly omit them:\n  omit [Nonempty ι] in theorem ...\n\nNote: This linter can be disabled with `set_option linter.unusedSectionVars false`",
   "level": "warning"},
  {"message":
   "FisherClearing/Duality/LmsrEntropy.lean:145:8: automatically included section variable(s) unused in theorem `_private.FisherClearing.Duality.LmsrEntropy.0.FisherClearing.sum_mul_log_le_negEntropy`:\n  [Nonempty ι]\nconsider restructuring your `variable` declarations so that the variables are not in scope or explicitly omit them:\n  omit [Nonempty ι] in theorem ...\n\nNote: This linter can be disabled with `set_option linter.unusedSectionVars false`",
   "level": "warning"}],
 "inputs":
 [["FisherClearing.Duality.LmsrEntropy:deps",
   [["deps",
     [["FisherClearing/FisherClearing:extraDep",
       [["@FisherClearing:extraDep", "00000000000006bb"]]],
      ["imports",
       [["Mathlib transitive imports (legacy)", "8fd896a9b3011bd6"],
        ["Mathlib:importAllArts", "8fc2a9ec06d95bdc"],
        ["FisherClearing.Convex.LogSumExp transitive imports (legacy)",
         "12c1ba7185138d42"],
        ["FisherClearing.Convex.LogSumExp:importAllArts", "023499a47d3a1801"],
        ["FisherClearing.Convex.FenchelConjugate transitive imports (legacy)",
         "12c1ba7185138d42"],
        ["FisherClearing.Convex.FenchelConjugate:importAllArts",
         "fec94a7d2cda7391"],
        ["FisherClearing.Convex.Softmax transitive imports (legacy)",
         "6e2b7696da569754"],
        ["FisherClearing.Convex.Softmax:importAllArts", "c9a65dcc0b88f026"]]]]],
    ["libs",
     [["import dynlibs", "00000000000006bb"],
      ["package external libraries", "00000000000006bb"],
      ["module dynlibs", "00000000000006bb"],
      ["module plugins", "00000000000006bb"]]]]],
  ["Lean 4.28.0, commit 7e01a1bf5c70fc6167d49c345d3bf80596e9a79b",
   "a96bc04a2e5e9630"],
  ["/home/anonymous/sybil/lean/FisherClearing/Duality/LmsrEntropy.lean",
   "87c481b94d09cbe6"],
  ["options",
   [["-Dweak.linter.mathlibStandardSet=true", "8a155799906f2b42"],
    ["-DrelaxedAutoImplicit=false", "74a2b5546b55be80"],
    ["-Dpp.unicode.fun=true", "9b94070140457fab"],
    ["-DautoImplicit=false", "4a85acb881fd49d0"]]],
  ["Module.leanArgs: #[]", "00000000000006bb"]],
 "depHash": "c0a9df5145f27647"}