{"synthetic": false,
 "schemaVersion": "2025-09-10",
 "outputs":
 {"o": ["61abaeb18b25c44c.olean"],
  "i": "187953225f77bfcf.ilean",
  "c": "3f1f957a6dd94131.c"},
 "log":
 [{"message":
   ".> LEAN_PATH=/home/anonymous/sybil/lean/.lake/packages/Cli/.lake/build/lib/lean:/home/anonymous/sybil/lean/.lake/packages/batteries/.lake/build/lib/lean:/home/anonymous/sybil/lean/.lake/packages/Qq/.lake/build/lib/lean:/home/anonymous/sybil/lean/.lake/packages/aesop/.lake/build/lib/lean:/home/anonymous/sybil/lean/.lake/packages/proofwidgets/.lake/build/lib/lean:/home/anonymous/sybil/lean/.lake/packages/importGraph/.lake/build/lib/lean:/home/anonymous/sybil/lean/.lake/packages/LeanSearchClient/.lake/build/lib/lean:/home/anonymous/sybil/lean/.lake/packages/plausible/.lake/build/lib/lean:/home/anonymous/sybil/lean/.lake/packages/mathlib/.lake/build/lib/lean:/home/anonymous/sybil/lean/.lake/build/lib/lean /home/anonymous/.elan/toolchains/leanprover--lean4---v4.28.0/bin/lean /home/anonymous/sybil/lean/FisherClearing/Clearing/DemandConcavity.lean -o /home/anonymous/sybil/lean/.lake/build/lib/lean/FisherClearing/Clearing/DemandConcavity.olean -i /home/anonymous/sybil/lean/.lake/build/lib/lean/FisherClearing/Clearing/DemandConcavity.ilean -c /home/anonymous/sybil/lean/.lake/build/ir/FisherClearing/Clearing/DemandConcavity.c --setup /home/anonymous/sybil/lean/.lake/build/ir/FisherClearing/Clearing/DemandConcavity.setup.json --json",
   "level": "trace"},
  {"message":
   "FisherClearing/Clearing/DemandConcavity.lean:69:0: `concaveOn_demand_value` has the hypotheses:\n  • [Fintype ι] (#4)\n  • [Fintype K] (#7)\nwhich are not used in the remainder of the type.\n\nConsider replacing these hypotheses with the corresponding instances of `Finite` and using `Fintype.ofFinite` in the proof, or removing them entirely.\n\nNote: This linter can be disabled with `set_option linter.unusedFintypeInType false`",
   "level": "warning"},
  {"message":
   "FisherClearing/Clearing/DemandConcavity.lean:69:0: `concaveOn_demand_value` has the hypothesis:\n  • [DecidableEq K] (#8)\nwhich is not used in the remainder of the type.\n\nConsider removing this hypothesis and using `classical` in the proof instead. For terms, consider using `open scoped Classical in` at the term level (not the command level).\n\nNote: This linter can be disabled with `set_option linter.unusedDecidableInType false`",
   "level": "warning"}],
 "inputs":
 [["FisherClearing.Clearing.DemandConcavity:deps",
   [["deps",
     [["FisherClearing/FisherClearing:extraDep",
       [["@FisherClearing:extraDep", "00000000000006bb"]]],
      ["imports",
       [["Mathlib transitive imports (legacy)", "8fd896a9b3011bd6"],
        ["Mathlib:importAllArts", "8fc2a9ec06d95bdc"],
        ["FisherClearing.Clearing.FullProgram transitive imports (legacy)",
         "b751ab46f25501fd"],
        ["FisherClearing.Clearing.FullProgram:importAllArts",
         "25c44a102f71fd90"]]]]],
    ["libs",
     [["import dynlibs", "00000000000006bb"],
      ["package external libraries", "00000000000006bb"],
      ["module dynlibs", "00000000000006bb"],
      ["module plugins", "00000000000006bb"]]]]],
  ["Lean 4.28.0, commit 7e01a1bf5c70fc6167d49c345d3bf80596e9a79b",
   "a96bc04a2e5e9630"],
  ["/home/anonymous/sybil/lean/FisherClearing/Clearing/DemandConcavity.lean",
   "3dd9d4d49593091d"],
  ["options",
   [["-Dweak.linter.mathlibStandardSet=true", "8a155799906f2b42"],
    ["-DrelaxedAutoImplicit=false", "74a2b5546b55be80"],
    ["-Dpp.unicode.fun=true", "9b94070140457fab"],
    ["-DautoImplicit=false", "4a85acb881fd49d0"]]],
  ["Module.leanArgs: #[]", "00000000000006bb"]],
 "depHash": "df1fde93de446ff1"}