{"synthetic": false,
 "schemaVersion": "2025-09-10",
 "outputs":
 {"o": ["49ea436c7087f84f.olean"],
  "i": "d5b64c2588852109.ilean",
  "c": "1d837af9ac9e95fb.c"},
 "log":
 [{"message":
   ".> LEAN_PATH=/home/anonymous/sybil/lean/.lake/packages/Cli/.lake/build/lib/lean:/home/anonymous/sybil/lean/.lake/packages/batteries/.lake/build/lib/lean:/home/anonymous/sybil/lean/.lake/packages/Qq/.lake/build/lib/lean:/home/anonymous/sybil/lean/.lake/packages/aesop/.lake/build/lib/lean:/home/anonymous/sybil/lean/.lake/packages/proofwidgets/.lake/build/lib/lean:/home/anonymous/sybil/lean/.lake/packages/importGraph/.lake/build/lib/lean:/home/anonymous/sybil/lean/.lake/packages/LeanSearchClient/.lake/build/lib/lean:/home/anonymous/sybil/lean/.lake/packages/plausible/.lake/build/lib/lean:/home/anonymous/sybil/lean/.lake/packages/mathlib/.lake/build/lib/lean:/home/anonymous/sybil/lean/.lake/build/lib/lean /home/anonymous/.elan/toolchains/leanprover--lean4---v4.28.0/bin/lean /home/anonymous/sybil/lean/FisherClearing/Clearing/KKT.lean -o /home/anonymous/sybil/lean/.lake/build/lib/lean/FisherClearing/Clearing/KKT.olean -i /home/anonymous/sybil/lean/.lake/build/lib/lean/FisherClearing/Clearing/KKT.ilean -c /home/anonymous/sybil/lean/.lake/build/ir/FisherClearing/Clearing/KKT.c --setup /home/anonymous/sybil/lean/.lake/build/ir/FisherClearing/Clearing/KKT.setup.json --json",
   "level": "trace"},
  {"message":
   "FisherClearing/Clearing/KKT.lean:94:18: unused variable `hU`\n\nNote: This linter can be disabled with `set_option linter.unusedVariables false`",
   "level": "warning"}],
 "inputs":
 [["FisherClearing.Clearing.KKT:deps",
   [["deps",
     [["FisherClearing/FisherClearing:extraDep",
       [["@FisherClearing:extraDep", "00000000000006bb"]]],
      ["imports",
       [["Mathlib transitive imports (legacy)", "8fd896a9b3011bd6"],
        ["Mathlib:importAllArts", "8fc2a9ec06d95bdc"],
        ["FisherClearing.Clearing.FullProgram transitive imports (legacy)",
         "b751ab46f25501fd"],
        ["FisherClearing.Clearing.FullProgram:importAllArts",
         "25c44a102f71fd90"],
        ["FisherClearing.Clearing.DeployedValue transitive imports (legacy)",
         "54541a04739999d1"],
        ["FisherClearing.Clearing.DeployedValue:importAllArts",
         "e6816c544c0715d3"]]]]],
    ["libs",
     [["import dynlibs", "00000000000006bb"],
      ["package external libraries", "00000000000006bb"],
      ["module dynlibs", "00000000000006bb"],
      ["module plugins", "00000000000006bb"]]]]],
  ["Lean 4.28.0, commit 7e01a1bf5c70fc6167d49c345d3bf80596e9a79b",
   "a96bc04a2e5e9630"],
  ["/home/anonymous/sybil/lean/FisherClearing/Clearing/KKT.lean",
   "6dd9b1671e0244d6"],
  ["options",
   [["-Dweak.linter.mathlibStandardSet=true", "8a155799906f2b42"],
    ["-DrelaxedAutoImplicit=false", "74a2b5546b55be80"],
    ["-Dpp.unicode.fun=true", "9b94070140457fab"],
    ["-DautoImplicit=false", "4a85acb881fd49d0"]]],
  ["Module.leanArgs: #[]", "00000000000006bb"]],
 "depHash": "5577a3c44e4d606c"}