{"synthetic": false,
 "schemaVersion": "2025-09-10",
 "outputs":
 {"o": ["4cd8927aa073de92.olean"],
  "i": "698023eb4b062035.ilean",
  "c": "ca0fc0a64825e203.c"},
 "log":
 [{"message":
   ".> LEAN_PATH=/home/anonymous/sybil/lean/.lake/packages/Cli/.lake/build/lib/lean:/home/anonymous/sybil/lean/.lake/packages/batteries/.lake/build/lib/lean:/home/anonymous/sybil/lean/.lake/packages/Qq/.lake/build/lib/lean:/home/anonymous/sybil/lean/.lake/packages/aesop/.lake/build/lib/lean:/home/anonymous/sybil/lean/.lake/packages/proofwidgets/.lake/build/lib/lean:/home/anonymous/sybil/lean/.lake/packages/importGraph/.lake/build/lib/lean:/home/anonymous/sybil/lean/.lake/packages/LeanSearchClient/.lake/build/lib/lean:/home/anonymous/sybil/lean/.lake/packages/plausible/.lake/build/lib/lean:/home/anonymous/sybil/lean/.lake/packages/mathlib/.lake/build/lib/lean:/home/anonymous/sybil/lean/.lake/build/lib/lean /home/anonymous/.elan/toolchains/leanprover--lean4---v4.28.0/bin/lean /home/anonymous/sybil/lean/FisherClearing/Clearing/PriceDuality.lean -o /home/anonymous/sybil/lean/.lake/build/lib/lean/FisherClearing/Clearing/PriceDuality.olean -i /home/anonymous/sybil/lean/.lake/build/lib/lean/FisherClearing/Clearing/PriceDuality.ilean -c /home/anonymous/sybil/lean/.lake/build/ir/FisherClearing/Clearing/PriceDuality.c --setup /home/anonymous/sybil/lean/.lake/build/ir/FisherClearing/Clearing/PriceDuality.setup.json --json",
   "level": "trace"},
  {"message":
   "FisherClearing/Clearing/PriceDuality.lean:37:0: automatically included section variable(s) unused in theorem `FisherClearing.convexOn_dual_on_simplex`:\n  [Nonempty ι]\nconsider restructuring your `variable` declarations so that the variables are not in scope or explicitly omit them:\n  omit [Nonempty ι] in theorem ...\n\nNote: This linter can be disabled with `set_option linter.unusedSectionVars false`",
   "level": "warning"}],
 "inputs":
 [["FisherClearing.Clearing.PriceDuality:deps",
   [["deps",
     [["FisherClearing/FisherClearing:extraDep",
       [["@FisherClearing:extraDep", "00000000000006bb"]]],
      ["imports",
       [["Mathlib transitive imports (legacy)", "8fd896a9b3011bd6"],
        ["Mathlib:importAllArts", "8fc2a9ec06d95bdc"],
        ["FisherClearing.Clearing.PriceUniqueness transitive imports (legacy)",
         "ed90d92ef3b08d99"],
        ["FisherClearing.Clearing.PriceUniqueness:importAllArts",
         "285d5e07b66440fa"],
        ["FisherClearing.Clearing.DemandConcavity transitive imports (legacy)",
         "faa3768326f9e611"],
        ["FisherClearing.Clearing.DemandConcavity:importAllArts",
         "8948e005ea8280e3"],
        ["FisherClearing.Convex.FenchelConjugate transitive imports (legacy)",
         "12c1ba7185138d42"],
        ["FisherClearing.Convex.FenchelConjugate:importAllArts",
         "fec94a7d2cda7391"]]]]],
    ["libs",
     [["import dynlibs", "00000000000006bb"],
      ["package external libraries", "00000000000006bb"],
      ["module dynlibs", "00000000000006bb"],
      ["module plugins", "00000000000006bb"]]]]],
  ["Lean 4.28.0, commit 7e01a1bf5c70fc6167d49c345d3bf80596e9a79b",
   "a96bc04a2e5e9630"],
  ["/home/anonymous/sybil/lean/FisherClearing/Clearing/PriceDuality.lean",
   "de76a524eba4f01d"],
  ["options",
   [["-Dweak.linter.mathlibStandardSet=true", "8a155799906f2b42"],
    ["-DrelaxedAutoImplicit=false", "74a2b5546b55be80"],
    ["-Dpp.unicode.fun=true", "9b94070140457fab"],
    ["-DautoImplicit=false", "4a85acb881fd49d0"]]],
  ["Module.leanArgs: #[]", "00000000000006bb"]],
 "depHash": "23748a1f75e05e56"}