{"synthetic": false,
 "schemaVersion": "2025-09-10",
 "outputs":
 {"o": ["a82c9cc125104e11.olean"],
  "i": "f52099f94cc9c6a0.ilean",
  "c": "7514b581e2419b41.c"},
 "log":
 [{"message":
   ".> LEAN_PATH=/home/anonymous/sybil/lean/.lake/packages/Cli/.lake/build/lib/lean:/home/anonymous/sybil/lean/.lake/packages/batteries/.lake/build/lib/lean:/home/anonymous/sybil/lean/.lake/packages/Qq/.lake/build/lib/lean:/home/anonymous/sybil/lean/.lake/packages/aesop/.lake/build/lib/lean:/home/anonymous/sybil/lean/.lake/packages/proofwidgets/.lake/build/lib/lean:/home/anonymous/sybil/lean/.lake/packages/importGraph/.lake/build/lib/lean:/home/anonymous/sybil/lean/.lake/packages/LeanSearchClient/.lake/build/lib/lean:/home/anonymous/sybil/lean/.lake/packages/plausible/.lake/build/lib/lean:/home/anonymous/sybil/lean/.lake/packages/mathlib/.lake/build/lib/lean:/home/anonymous/sybil/lean/.lake/build/lib/lean /home/anonymous/.elan/toolchains/leanprover--lean4---v4.28.0/bin/lean /home/anonymous/sybil/lean/FisherClearing/Clearing/PriceUniqueness.lean -o /home/anonymous/sybil/lean/.lake/build/lib/lean/FisherClearing/Clearing/PriceUniqueness.olean -i /home/anonymous/sybil/lean/.lake/build/lib/lean/FisherClearing/Clearing/PriceUniqueness.ilean -c /home/anonymous/sybil/lean/.lake/build/ir/FisherClearing/Clearing/PriceUniqueness.c --setup /home/anonymous/sybil/lean/.lake/build/ir/FisherClearing/Clearing/PriceUniqueness.setup.json --json",
   "level": "trace"},
  {"message":
   "FisherClearing/Clearing/PriceUniqueness.lean:51:0: automatically included section variable(s) unused in theorem `FisherClearing.strictConvexOn_negEntropy_simplex`:\n  [Nonempty ι]\nconsider restructuring your `variable` declarations so that the variables are not in scope or explicitly omit them:\n  omit [Nonempty ι] in theorem ...\n\nNote: This linter can be disabled with `set_option linter.unusedSectionVars false`",
   "level": "warning"},
  {"message":
   "FisherClearing/Clearing/PriceUniqueness.lean:83:15: This simp argument is unused:\n  Pi.add_apply\n\nHint: Omit it from the simp argument list.\n  simp only [Pi.a̵d̵d̵_̵a̵p̵p̵l̵y̵,̵ ̵P̵i̵.̵smul_apply, smul_eq_mul] at h ⊢\n\nNote: This linter can be disabled with `set_option linter.unusedSimpArgs false`",
   "level": "warning"},
  {"message":
   "FisherClearing/Clearing/PriceUniqueness.lean:83:29: This simp argument is unused:\n  Pi.smul_apply\n\nHint: Omit it from the simp argument list.\n  simp only [Pi.add_apply, P̵i̵.̵s̵m̵u̵l̵_̵a̵p̵p̵l̵y̵,̵ ̵smul_eq_mul] at h ⊢\n\nNote: This linter can be disabled with `set_option linter.unusedSimpArgs false`",
   "level": "warning"},
  {"message":
   "FisherClearing/Clearing/PriceUniqueness.lean:112:5: unused variable `hg_cont`\n\nNote: This linter can be disabled with `set_option linter.unusedVariables false`",
   "level": "warning"}],
 "inputs":
 [["FisherClearing.Clearing.PriceUniqueness:deps",
   [["deps",
     [["FisherClearing/FisherClearing:extraDep",
       [["@FisherClearing:extraDep", "00000000000006bb"]]],
      ["imports",
       [["Mathlib transitive imports (legacy)", "8fd896a9b3011bd6"],
        ["Mathlib:importAllArts", "8fc2a9ec06d95bdc"],
        ["FisherClearing.Clearing.Program transitive imports (legacy)",
         "ec33533217727819"],
        ["FisherClearing.Clearing.Program:importAllArts", "ae2f4144bdbf39c1"],
        ["FisherClearing.Duality.LmsrEntropy transitive imports (legacy)",
         "0ed06d2530a2e17b"],
        ["FisherClearing.Duality.LmsrEntropy:importAllArts",
         "661480d1b84e16df"]]]]],
    ["libs",
     [["import dynlibs", "00000000000006bb"],
      ["package external libraries", "00000000000006bb"],
      ["module dynlibs", "00000000000006bb"],
      ["module plugins", "00000000000006bb"]]]]],
  ["Lean 4.28.0, commit 7e01a1bf5c70fc6167d49c345d3bf80596e9a79b",
   "a96bc04a2e5e9630"],
  ["/home/anonymous/sybil/lean/FisherClearing/Clearing/PriceUniqueness.lean",
   "29bcec14653f30df"],
  ["options",
   [["-Dweak.linter.mathlibStandardSet=true", "8a155799906f2b42"],
    ["-DrelaxedAutoImplicit=false", "74a2b5546b55be80"],
    ["-Dpp.unicode.fun=true", "9b94070140457fab"],
    ["-DautoImplicit=false", "4a85acb881fd49d0"]]],
  ["Module.leanArgs: #[]", "00000000000006bb"]],
 "depHash": "50e7472dec50c631"}