{"synthetic": false,
 "schemaVersion": "2025-09-10",
 "outputs":
 {"o": ["2e75e3fd75a4ee54.olean"],
  "i": "c2c6dd178d5905f0.ilean",
  "c": "966434d4d378ea46.c"},
 "log":
 [{"message":
   ".> LEAN_PATH=/home/anonymous/sybil/lean/.lake/packages/Cli/.lake/build/lib/lean:/home/anonymous/sybil/lean/.lake/packages/batteries/.lake/build/lib/lean:/home/anonymous/sybil/lean/.lake/packages/Qq/.lake/build/lib/lean:/home/anonymous/sybil/lean/.lake/packages/aesop/.lake/build/lib/lean:/home/anonymous/sybil/lean/.lake/packages/proofwidgets/.lake/build/lib/lean:/home/anonymous/sybil/lean/.lake/packages/importGraph/.lake/build/lib/lean:/home/anonymous/sybil/lean/.lake/packages/LeanSearchClient/.lake/build/lib/lean:/home/anonymous/sybil/lean/.lake/packages/plausible/.lake/build/lib/lean:/home/anonymous/sybil/lean/.lake/packages/mathlib/.lake/build/lib/lean:/home/anonymous/sybil/lean/.lake/build/lib/lean /home/anonymous/.elan/toolchains/leanprover--lean4---v4.28.0/bin/lean /home/anonymous/sybil/lean/FisherClearing/Clearing/Program.lean -o /home/anonymous/sybil/lean/.lake/build/lib/lean/FisherClearing/Clearing/Program.olean -i /home/anonymous/sybil/lean/.lake/build/lib/lean/FisherClearing/Clearing/Program.ilean -c /home/anonymous/sybil/lean/.lake/build/ir/FisherClearing/Clearing/Program.c --setup /home/anonymous/sybil/lean/.lake/build/ir/FisherClearing/Clearing/Program.setup.json --json",
   "level": "trace"},
  {"message":
   "FisherClearing/Clearing/Program.lean:73:16: unused variable `inst`\n\nNote: This linter can be disabled with `set_option linter.unusedVariables false`",
   "level": "warning"},
  {"message":
   "FisherClearing/Clearing/Program.lean:84:0: automatically included section variable(s) unused in theorem `FisherClearing.concaveOn_psiB_component`:\n  [Fintype ι]\n  [Nonempty ι]\n  [Fintype J]\n  [Fintype K]\nconsider restructuring your `variable` declarations so that the variables are not in scope or explicitly omit them:\n  omit [Fintype ι] [Nonempty ι] [Fintype J] [Fintype K] in theorem ...\n\nNote: This linter can be disabled with `set_option linter.unusedSectionVars false`",
   "level": "warning"},
  {"message":
   "FisherClearing/Clearing/Program.lean:82:0: `concaveOn_psiB_component` has the hypotheses:\n  • [Fintype ι] (#2)\n  • [Fintype J] (#5)\n  • [Fintype K] (#7)\nwhich are not used in the remainder of the type.\n\nConsider replacing these hypotheses with the corresponding instances of `Finite` and using `Fintype.ofFinite` in the proof, or removing them entirely.\n\nNote: This linter can be disabled with `set_option linter.unusedFintypeInType false`",
   "level": "warning"}],
 "inputs":
 [["FisherClearing.Clearing.Program:deps",
   [["deps",
     [["FisherClearing/FisherClearing:extraDep",
       [["@FisherClearing:extraDep", "00000000000006bb"]]],
      ["imports",
       [["Mathlib transitive imports (legacy)", "8fd896a9b3011bd6"],
        ["Mathlib:importAllArts", "8fc2a9ec06d95bdc"],
        ["FisherClearing.Convex.LogSumExp transitive imports (legacy)",
         "12c1ba7185138d42"],
        ["FisherClearing.Convex.LogSumExp:importAllArts", "023499a47d3a1801"],
        ["FisherClearing.Convex.Softmax transitive imports (legacy)",
         "6e2b7696da569754"],
        ["FisherClearing.Convex.Softmax:importAllArts", "c9a65dcc0b88f026"],
        ["FisherClearing.ReducedForm.Utility transitive imports (legacy)",
         "12c1ba7185138d42"],
        ["FisherClearing.ReducedForm.Utility:importAllArts",
         "5bebc2766514eabd"]]]]],
    ["libs",
     [["import dynlibs", "00000000000006bb"],
      ["package external libraries", "00000000000006bb"],
      ["module dynlibs", "00000000000006bb"],
      ["module plugins", "00000000000006bb"]]]]],
  ["Lean 4.28.0, commit 7e01a1bf5c70fc6167d49c345d3bf80596e9a79b",
   "a96bc04a2e5e9630"],
  ["/home/anonymous/sybil/lean/FisherClearing/Clearing/Program.lean",
   "3f2844e36b86b1f2"],
  ["options",
   [["-Dweak.linter.mathlibStandardSet=true", "8a155799906f2b42"],
    ["-DrelaxedAutoImplicit=false", "74a2b5546b55be80"],
    ["-Dpp.unicode.fun=true", "9b94070140457fab"],
    ["-DautoImplicit=false", "4a85acb881fd49d0"]]],
  ["Module.leanArgs: #[]", "00000000000006bb"]],
 "depHash": "dcc9997f15dbab27"}