{"synthetic": false,
 "schemaVersion": "2025-09-10",
 "outputs":
 {"o": ["8d12f45731eddfe6.olean"],
  "i": "8f9bd588e966ae64.ilean",
  "c": "55bf2d72c63d2b1f.c"},
 "log":
 [{"message":
   ".> LEAN_PATH=/home/anonymous/sybil/lean/.lake/packages/Cli/.lake/build/lib/lean:/home/anonymous/sybil/lean/.lake/packages/batteries/.lake/build/lib/lean:/home/anonymous/sybil/lean/.lake/packages/Qq/.lake/build/lib/lean:/home/anonymous/sybil/lean/.lake/packages/aesop/.lake/build/lib/lean:/home/anonymous/sybil/lean/.lake/packages/proofwidgets/.lake/build/lib/lean:/home/anonymous/sybil/lean/.lake/packages/importGraph/.lake/build/lib/lean:/home/anonymous/sybil/lean/.lake/packages/LeanSearchClient/.lake/build/lib/lean:/home/anonymous/sybil/lean/.lake/packages/plausible/.lake/build/lib/lean:/home/anonymous/sybil/lean/.lake/packages/mathlib/.lake/build/lib/lean:/home/anonymous/sybil/lean/.lake/build/lib/lean /home/anonymous/.elan/toolchains/leanprover--lean4---v4.28.0/bin/lean /home/anonymous/sybil/lean/FisherClearing/ReducedForm/WelfareGap.lean -o /home/anonymous/sybil/lean/.lake/build/lib/lean/FisherClearing/ReducedForm/WelfareGap.olean -i /home/anonymous/sybil/lean/.lake/build/lib/lean/FisherClearing/ReducedForm/WelfareGap.ilean -c /home/anonymous/sybil/lean/.lake/build/ir/FisherClearing/ReducedForm/WelfareGap.c --setup /home/anonymous/sybil/lean/.lake/build/ir/FisherClearing/ReducedForm/WelfareGap.setup.json --json",
   "level": "trace"}],
 "inputs":
 [["FisherClearing.ReducedForm.WelfareGap:deps",
   [["deps",
     [["FisherClearing/FisherClearing:extraDep",
       [["@FisherClearing:extraDep", "00000000000006bb"]]],
      ["imports",
       [["Mathlib transitive imports (legacy)", "8fd896a9b3011bd6"],
        ["Mathlib:importAllArts", "8fc2a9ec06d95bdc"],
        ["FisherClearing.ReducedForm.Utility transitive imports (legacy)",
         "12c1ba7185138d42"],
        ["FisherClearing.ReducedForm.Utility:importAllArts",
         "5bebc2766514eabd"]]]]],
    ["libs",
     [["import dynlibs", "00000000000006bb"],
      ["package external libraries", "00000000000006bb"],
      ["module dynlibs", "00000000000006bb"],
      ["module plugins", "00000000000006bb"]]]]],
  ["Lean 4.28.0, commit 7e01a1bf5c70fc6167d49c345d3bf80596e9a79b",
   "a96bc04a2e5e9630"],
  ["/home/anonymous/sybil/lean/FisherClearing/ReducedForm/WelfareGap.lean",
   "8a9b845bbde2af4c"],
  ["options",
   [["-Dweak.linter.mathlibStandardSet=true", "8a155799906f2b42"],
    ["-DrelaxedAutoImplicit=false", "74a2b5546b55be80"],
    ["-Dpp.unicode.fun=true", "9b94070140457fab"],
    ["-DautoImplicit=false", "4a85acb881fd49d0"]]],
  ["Module.leanArgs: #[]", "00000000000006bb"]],
 "depHash": "b22492429ebebcf9"}