{"synthetic": false,
 "schemaVersion": "2025-09-10",
 "outputs":
 {"o": ["dac1f58884799b63.olean"],
  "i": "a8c2929616381cbe.ilean",
  "c": "520bf4f70b69032c.c"},
 "log":
 [{"message":
   ".> LEAN_PATH=/home/anonymous/sybil/lean/.lake/packages/Cli/.lake/build/lib/lean:/home/anonymous/sybil/lean/.lake/packages/batteries/.lake/build/lib/lean:/home/anonymous/sybil/lean/.lake/packages/Qq/.lake/build/lib/lean:/home/anonymous/sybil/lean/.lake/packages/aesop/.lake/build/lib/lean:/home/anonymous/sybil/lean/.lake/packages/proofwidgets/.lake/build/lib/lean:/home/anonymous/sybil/lean/.lake/packages/importGraph/.lake/build/lib/lean:/home/anonymous/sybil/lean/.lake/packages/LeanSearchClient/.lake/build/lib/lean:/home/anonymous/sybil/lean/.lake/packages/plausible/.lake/build/lib/lean:/home/anonymous/sybil/lean/.lake/packages/mathlib/.lake/build/lib/lean:/home/anonymous/sybil/lean/.lake/build/lib/lean /home/anonymous/.elan/toolchains/leanprover--lean4---v4.28.0/bin/lean /home/anonymous/sybil/lean/FisherClearing/Convex/LogSumExp.lean -o /home/anonymous/sybil/lean/.lake/build/lib/lean/FisherClearing/Convex/LogSumExp.olean -i /home/anonymous/sybil/lean/.lake/build/lib/lean/FisherClearing/Convex/LogSumExp.ilean -c /home/anonymous/sybil/lean/.lake/build/ir/FisherClearing/Convex/LogSumExp.c --setup /home/anonymous/sybil/lean/.lake/build/ir/FisherClearing/Convex/LogSumExp.setup.json --json",
   "level": "trace"},
  {"message":
   "FisherClearing/Convex/LogSumExp.lean:55:0: automatically included section variable(s) unused in theorem `FisherClearing.exp_div_le_sumExp`:\n  [Nonempty ι]\nconsider restructuring your `variable` declarations so that the variables are not in scope or explicitly omit them:\n  omit [Nonempty ι] in theorem ...\n\nNote: This linter can be disabled with `set_option linter.unusedSectionVars false`",
   "level": "warning"}],
 "inputs":
 [["FisherClearing.Convex.LogSumExp:deps",
   [["deps",
     [["FisherClearing/FisherClearing:extraDep",
       [["@FisherClearing:extraDep", "00000000000006bb"]]],
      ["imports",
       [["Mathlib transitive imports (legacy)", "8fd896a9b3011bd6"],
        ["Mathlib:importAllArts", "8fc2a9ec06d95bdc"]]]]],
    ["libs",
     [["import dynlibs", "00000000000006bb"],
      ["package external libraries", "00000000000006bb"],
      ["module dynlibs", "00000000000006bb"],
      ["module plugins", "00000000000006bb"]]]]],
  ["Lean 4.28.0, commit 7e01a1bf5c70fc6167d49c345d3bf80596e9a79b",
   "a96bc04a2e5e9630"],
  ["/home/anonymous/sybil/lean/FisherClearing/Convex/LogSumExp.lean",
   "dc15e0aeffac8120"],
  ["options",
   [["-Dweak.linter.mathlibStandardSet=true", "8a155799906f2b42"],
    ["-DrelaxedAutoImplicit=false", "74a2b5546b55be80"],
    ["-Dpp.unicode.fun=true", "9b94070140457fab"],
    ["-DautoImplicit=false", "4a85acb881fd49d0"]]],
  ["Module.leanArgs: #[]", "00000000000006bb"]],
 "depHash": "3cc27c8d91ff0369"}