{"synthetic": false,
 "schemaVersion": "2025-09-10",
 "outputs":
 {"o": ["12b4290b8300da03.olean"],
  "i": "82504f217dac0724.ilean",
  "c": "a5bfa7efc1474e79.c"},
 "log":
 [{"message":
   ".> LEAN_PATH=/home/anonymous/sybil/lean/.lake/packages/Cli/.lake/build/lib/lean:/home/anonymous/sybil/lean/.lake/packages/batteries/.lake/build/lib/lean:/home/anonymous/sybil/lean/.lake/packages/Qq/.lake/build/lib/lean:/home/anonymous/sybil/lean/.lake/packages/aesop/.lake/build/lib/lean:/home/anonymous/sybil/lean/.lake/packages/proofwidgets/.lake/build/lib/lean:/home/anonymous/sybil/lean/.lake/packages/importGraph/.lake/build/lib/lean:/home/anonymous/sybil/lean/.lake/packages/LeanSearchClient/.lake/build/lib/lean:/home/anonymous/sybil/lean/.lake/packages/plausible/.lake/build/lib/lean:/home/anonymous/sybil/lean/.lake/packages/mathlib/.lake/build/lib/lean:/home/anonymous/sybil/lean/.lake/build/lib/lean /home/anonymous/.elan/toolchains/leanprover--lean4---v4.28.0/bin/lean /home/anonymous/sybil/lean/FisherClearing/Convex/Softmax.lean -o /home/anonymous/sybil/lean/.lake/build/lib/lean/FisherClearing/Convex/Softmax.olean -i /home/anonymous/sybil/lean/.lake/build/lib/lean/FisherClearing/Convex/Softmax.ilean -c /home/anonymous/sybil/lean/.lake/build/ir/FisherClearing/Convex/Softmax.c --setup /home/anonymous/sybil/lean/.lake/build/ir/FisherClearing/Convex/Softmax.setup.json --json",
   "level": "trace"}],
 "inputs":
 [["FisherClearing.Convex.Softmax:deps",
   [["deps",
     [["FisherClearing/FisherClearing:extraDep",
       [["@FisherClearing:extraDep", "00000000000006bb"]]],
      ["imports",
       [["Mathlib transitive imports (legacy)", "8fd896a9b3011bd6"],
        ["Mathlib:importAllArts", "8fc2a9ec06d95bdc"],
        ["FisherClearing.Convex.LogSumExp transitive imports (legacy)",
         "12c1ba7185138d42"],
        ["FisherClearing.Convex.LogSumExp:importAllArts",
         "023499a47d3a1801"]]]]],
    ["libs",
     [["import dynlibs", "00000000000006bb"],
      ["package external libraries", "00000000000006bb"],
      ["module dynlibs", "00000000000006bb"],
      ["module plugins", "00000000000006bb"]]]]],
  ["Lean 4.28.0, commit 7e01a1bf5c70fc6167d49c345d3bf80596e9a79b",
   "a96bc04a2e5e9630"],
  ["/home/anonymous/sybil/lean/FisherClearing/Convex/Softmax.lean",
   "98b5ba15414dcc93"],
  ["options",
   [["-Dweak.linter.mathlibStandardSet=true", "8a155799906f2b42"],
    ["-DrelaxedAutoImplicit=false", "74a2b5546b55be80"],
    ["-Dpp.unicode.fun=true", "9b94070140457fab"],
    ["-DautoImplicit=false", "4a85acb881fd49d0"]]],
  ["Module.leanArgs: #[]", "00000000000006bb"]],
 "depHash": "b980d05c7b2e7b13"}