{"synthetic": false,
 "schemaVersion": "2025-09-10",
 "outputs":
 {"o": ["95f5ca4af845d013.olean"],
  "i": "e5280bc613542bb5.ilean",
  "c": "49f9d877f0f0ba04.c"},
 "log":
 [{"message":
   ".> LEAN_PATH=/home/anonymous/sybil/lean/.lake/packages/Cli/.lake/build/lib/lean:/home/anonymous/sybil/lean/.lake/packages/batteries/.lake/build/lib/lean:/home/anonymous/sybil/lean/.lake/packages/Qq/.lake/build/lib/lean:/home/anonymous/sybil/lean/.lake/packages/aesop/.lake/build/lib/lean:/home/anonymous/sybil/lean/.lake/packages/proofwidgets/.lake/build/lib/lean:/home/anonymous/sybil/lean/.lake/packages/importGraph/.lake/build/lib/lean:/home/anonymous/sybil/lean/.lake/packages/LeanSearchClient/.lake/build/lib/lean:/home/anonymous/sybil/lean/.lake/packages/plausible/.lake/build/lib/lean:/home/anonymous/sybil/lean/.lake/packages/mathlib/.lake/build/lib/lean:/home/anonymous/sybil/lean/.lake/build/lib/lean /home/anonymous/.elan/toolchains/leanprover--lean4---v4.28.0/bin/lean /home/anonymous/sybil/lean/FisherClearing.lean -o /home/anonymous/sybil/lean/.lake/build/lib/lean/FisherClearing.olean -i /home/anonymous/sybil/lean/.lake/build/lib/lean/FisherClearing.ilean -c /home/anonymous/sybil/lean/.lake/build/ir/FisherClearing.c --setup /home/anonymous/sybil/lean/.lake/build/ir/FisherClearing.setup.json --json",
   "level": "trace"}],
 "inputs":
 [["FisherClearing:deps",
   [["deps",
     [["FisherClearing/FisherClearing:extraDep",
       [["@FisherClearing:extraDep", "00000000000006bb"]]],
      ["imports",
       [["FisherClearing.Convex.LogSumExp transitive imports (legacy)",
         "12c1ba7185138d42"],
        ["FisherClearing.Convex.LogSumExp:importAllArts", "023499a47d3a1801"],
        ["FisherClearing.Convex.Softmax transitive imports (legacy)",
         "6e2b7696da569754"],
        ["FisherClearing.Convex.Softmax:importAllArts", "c9a65dcc0b88f026"],
        ["FisherClearing.Duality.SandwichBound transitive imports (legacy)",
         "6e2b7696da569754"],
        ["FisherClearing.Duality.SandwichBound:importAllArts",
         "e089ccaefbdbf2ad"],
        ["FisherClearing.Convex.FenchelConjugate transitive imports (legacy)",
         "12c1ba7185138d42"],
        ["FisherClearing.Convex.FenchelConjugate:importAllArts",
         "fec94a7d2cda7391"],
        ["FisherClearing.Duality.MintingSimplex transitive imports (legacy)",
         "57f16b2d790c5e2b"],
        ["FisherClearing.Duality.MintingSimplex:importAllArts",
         "34e0d3ad722d959b"],
        ["FisherClearing.Duality.LmsrEntropy transitive imports (legacy)",
         "0ed06d2530a2e17b"],
        ["FisherClearing.Duality.LmsrEntropy:importAllArts",
         "661480d1b84e16df"],
        ["FisherClearing.ReducedForm.Utility transitive imports (legacy)",
         "12c1ba7185138d42"],
        ["FisherClearing.ReducedForm.Utility:importAllArts",
         "5bebc2766514eabd"],
        ["FisherClearing.ReducedForm.LpRecovery transitive imports (legacy)",
         "54541a04739999d1"],
        ["FisherClearing.ReducedForm.LpRecovery:importAllArts",
         "d60c656943b9412c"],
        ["FisherClearing.ReducedForm.WelfareGap transitive imports (legacy)",
         "54541a04739999d1"],
        ["FisherClearing.ReducedForm.WelfareGap:importAllArts",
         "2ce821fcb241f2ff"],
        ["FisherClearing.Clearing.Program transitive imports (legacy)",
         "ec33533217727819"],
        ["FisherClearing.Clearing.Program:importAllArts", "ae2f4144bdbf39c1"],
        ["FisherClearing.Clearing.PriceUniqueness transitive imports (legacy)",
         "ed90d92ef3b08d99"],
        ["FisherClearing.Clearing.PriceUniqueness:importAllArts",
         "285d5e07b66440fa"],
        ["FisherClearing.Clearing.DeployedValue transitive imports (legacy)",
         "54541a04739999d1"],
        ["FisherClearing.Clearing.DeployedValue:importAllArts",
         "e6816c544c0715d3"],
        ["FisherClearing.Clearing.FullProgram transitive imports (legacy)",
         "b751ab46f25501fd"],
        ["FisherClearing.Clearing.FullProgram:importAllArts",
         "25c44a102f71fd90"],
        ["FisherClearing.Clearing.KKT transitive imports (legacy)",
         "18fcf1466cc29b2b"],
        ["FisherClearing.Clearing.KKT:importAllArts", "a7add0fc94f38995"],
        ["FisherClearing.Clearing.DemandConcavity transitive imports (legacy)",
         "faa3768326f9e611"],
        ["FisherClearing.Clearing.DemandConcavity:importAllArts",
         "8948e005ea8280e3"],
        ["FisherClearing.Clearing.PriceDuality transitive imports (legacy)",
         "a94df4597a0c5fb5"],
        ["FisherClearing.Clearing.PriceDuality:importAllArts",
         "1418f11cf141f462"],
        ["FisherClearing.Clearing.ConicFormulation transitive imports (legacy)",
         "12c1ba7185138d42"],
        ["FisherClearing.Clearing.ConicFormulation:importAllArts",
         "c3a42d2129198612"]]]]],
    ["libs",
     [["import dynlibs", "00000000000006bb"],
      ["package external libraries", "00000000000006bb"],
      ["module dynlibs", "00000000000006bb"],
      ["module plugins", "00000000000006bb"]]]]],
  ["Lean 4.28.0, commit 7e01a1bf5c70fc6167d49c345d3bf80596e9a79b",
   "a96bc04a2e5e9630"],
  ["/home/anonymous/sybil/lean/FisherClearing.lean", "012a71646c54e52b"],
  ["options",
   [["-Dweak.linter.mathlibStandardSet=true", "8a155799906f2b42"],
    ["-DrelaxedAutoImplicit=false", "74a2b5546b55be80"],
    ["-Dpp.unicode.fun=true", "9b94070140457fab"],
    ["-DautoImplicit=false", "4a85acb881fd49d0"]]],
  ["Module.leanArgs: #[]", "00000000000006bb"]],
 "depHash": "be21b988259e885f"}